<?xml version="1.0" encoding="UTF-8"?>
<testng-results ignored="0" total="1" passed="1" failed="0" skipped="0">
  <reporter-output>
  </reporter-output>
  <suite started-at="2025-06-06T20:04:28 IST" name="Default suite" finished-at="2025-06-06T20:04:36 IST" duration-ms="7540">
    <groups>
    </groups>
    <test started-at="2025-06-06T20:04:28 IST" name="Default test" finished-at="2025-06-06T20:04:36 IST" duration-ms="7540">
      <class name="googleAPIs.GoogleTest">
        <test-method signature="test1()[pri:1, instance:googleAPIs.GoogleTest@45c7e403]" started-at="2025-06-06T20:04:28 IST" name="test1" finished-at="2025-06-06T20:04:36 IST" duration-ms="7464" status="PASS">
          <reporter-output>
          </reporter-output>
        </test-method> <!-- test1 -->
      </class> <!-- googleAPIs.GoogleTest -->
    </test> <!-- Default test -->
  </suite> <!-- Default suite -->
</testng-results>
