<?xml version="1.0" encoding="UTF-8"?>
<!-- Generated by org.testng.reporters.JUnitReportReporter -->
<testsuite hostname="Mewhiz" failures="0" tests="4" name="org.rsa.LibraryAPI.LibraryAPITests" time="3.833" errors="0" timestamp="2025-06-12T17:51:13 IST" skipped="1">
  <testcase classname="org.rsa.LibraryAPI.LibraryAPITests" name="addMultipleBooks" time="0.259"/>
  <testcase classname="org.rsa.LibraryAPI.LibraryAPITests" name="addMultipleBooks" time="3.296"/>
  <testcase classname="org.rsa.LibraryAPI.LibraryAPITests" name="addMultipleBooks" time="0.278"/>
  <testcase classname="org.rsa.LibraryAPI.LibraryAPITests" name="addBookWithOneData">
    <skipped/>
  </testcase> <!-- addBookWithOneData -->
</testsuite> <!-- org.rsa.LibraryAPI.LibraryAPITests -->
