<?xml version="1.0" encoding="UTF-8"?>
<!-- Generated by org.testng.reporters.JUnitReportReporter -->
<testsuite hostname="Mewhiz" failures="0" tests="5" name="org.rsa.dummyResponse.DummyResponseTest" time="2.494" errors="0" timestamp="2025-06-10T22:39:29 IST" skipped="0">
  <testcase classname="org.rsa.dummyResponse.DummyResponseTest" name="comparePurchasePrice" time="2.287"/>
  <testcase classname="org.rsa.dummyResponse.DummyResponseTest" name="printCopies" time="0.093"/>
  <testcase classname="org.rsa.dummyResponse.DummyResponseTest" name="printPurchaseAmount" time="0.050"/>
  <testcase classname="org.rsa.dummyResponse.DummyResponseTest" name="printTitleOfFirstCourse" time="0.035"/>
  <testcase classname="org.rsa.dummyResponse.DummyResponseTest" name="printNoOfCoursers" time="0.029"/>
</testsuite> <!-- org.rsa.dummyResponse.DummyResponseTest -->
